Build started 2016/3/10 22:28:35.
     1>Project "C:\Users\asus\Desktop\四则运算\四则运算1\四则运算1\四则运算1.vcxproj" on node 2 (build target(s)).
     1>PrepareForBuild:
         Creating directory "C:\Users\asus\Desktop\四则运算\四则运算1\Release\".
       InitializeBuildStatus:
         Creating "Release\四则运算1.unsuccessfulbuild" because "AlwaysCreate" was specified.
       ClCompile:
         c:\Program Files (x86)\Microsoft Visual Studio 10.0\VC\bin\CL.exe /c /Zi /nologo /W3 /WX- /O2 /Oi /Oy- /GL /D WIN32 /D NDEBUG /D _CONSOLE /D _UNICODE /D UNICODE /Gm- /EHsc /MD /GS /Gy /fp:precise /Zc:wchar_t /Zc:forScope /Fo"Release\\" /Fd"Release\vc100.pdb" /Gd /TP /analyze- /errorReport:prompt "四则运算1.cpp"
         四则运算1.cpp
       Link:
         c:\Program Files (x86)\Microsoft Visual Studio 10.0\VC\bin\link.exe /ERRORREPORT:PROMPT /OUT:"C:\Users\asus\Desktop\四则运算\四则运算1\Release\四则运算1.exe" /INCREMENTAL:NO /NOLOGO kernel32.lib user32.lib gdi32.lib winspool.lib comdlg32.lib advapi32.lib shell32.lib ole32.lib oleaut32.lib uuid.lib odbc32.lib odbccp32.lib /MANIFEST /ManifestFile:"Release\四则运算1.exe.intermediate.manifest" /MANIFESTUAC:"level='asInvoker' uiAccess='false'" /DEBUG /PDB:"C:\Users\asus\Desktop\四则运算\四则运算1\Release\四则运算1.pdb" /SUBSYSTEM:CONSOLE /OPT:REF /OPT:ICF /LTCG /TLBID:1 /DYNAMICBASE /NXCOMPAT /IMPLIB:"C:\Users\asus\Desktop\四则运算\四则运算1\Release\四则运算1.lib" /MACHINE:X86 "Release\四则运算1.obj"
         Generating code
         Finished generating code
         四则运算1.vcxproj -> C:\Users\asus\Desktop\四则运算\四则运算1\Release\四则运算1.exe
       Manifest:
         c:\Program Files (x86)\Microsoft SDKs\Windows\v7.0A\bin\mt.exe /nologo /verbose /outputresource:"C:\Users\asus\Desktop\四则运算\四则运算1\Release\四则运算1.exe;#1" /manifest "Release\四则运算1.exe.intermediate.manifest"
       FinalizeBuildStatus:
         Deleting file "Release\四则运算1.unsuccessfulbuild".
         Touching "Release\四则运算1.lastbuildstate".
     1>Done Building Project "C:\Users\asus\Desktop\四则运算\四则运算1\四则运算1\四则运算1.vcxproj" (build target(s)).

Build succeeded.

Time Elapsed 00:00:02.69
